Using pre-set license
Built from '2020.3/staging' branch; Version is '2020.3.21f1 (a38c86f6690f) revision 10718342'; Using compiler version '192528614'; Build Type 'Release'
OS: 'Windows 10 Pro; OS build 19043.1288; Version 2009; 64bit' Language: 'ru' Physical Memory: 8151 MB
BatchMode: 1, IsHumanControllingUs: 0, StartBugReporterOnCrash: 0, Is64bit: 1, IsPro: 0

COMMAND LINE ARGUMENTS:
D:\Program Files\UNITY\2020.3.21f1\Editor\Unity.exe
-adb2
-batchMode
-noUpm
-name
AssetImportWorker0
-projectPath
D:/REPOS/UNITY/Catch-a-Sandwich
-logFile
Logs/AssetImportWorker0.log
-srvPort
61834
Successfully changed project path to: D:/REPOS/UNITY/Catch-a-Sandwich
D:/REPOS/UNITY/Catch-a-Sandwich
Using Asset Import Pipeline V2.
Refreshing native plugins compatible for Editor in 86.33 ms, found 2 plugins.
Preloading 0 native plugins for Editor in 0.00 ms.
Initialize engine version: 2020.3.21f1 (a38c86f6690f)
[Subsystems] Discovering subsystems at path D:/Program Files/UNITY/2020.3.21f1/Editor/Data/Resources/UnitySubsystems
[Subsystems] Discovering subsystems at path D:/REPOS/UNITY/Catch-a-Sandwich/Assets
GfxDevice: creating device client; threaded=0
Direct3D:
    Version:  Direct3D 11.0 [level 11.1]
    Renderer: NVIDIA GeForce GTX 1050 Ti (ID=0x1c82)
    Vendor:   
    VRAM:     4018 MB
    Driver:   30.0.14.7212
Initialize mono
Mono path[0] = 'D:/Program Files/UNITY/2020.3.21f1/Editor/Data/Managed'
Mono path[1] = 'D:/Program Files/UNITY/2020.3.21f1/Editor/Data/MonoBleedingEdge/lib/mono/unityjit'
Mono config path = 'D:/Program Files/UNITY/2020.3.21f1/Editor/Data/MonoBleedingEdge/etc'
Using monoOptions --debugger-agent=transport=dt_socket,embedding=1,server=y,suspend=n,address=127.0.0.1:56488
Begin MonoManager ReloadAssembly
Registering precompiled unity dll's ...
Register platform support module: D:/Program Files/UNITY/2020.3.21f1/Editor/Data/PlaybackEngines/WindowsStandaloneSupport/UnityEditor.WindowsStandalone.Extensions.dll
Registered in 0.002046 seconds.
Native extension for WindowsStandalone target not found
Refreshing native plugins compatible for Editor in 101.02 ms, found 2 plugins.
Preloading 0 native plugins for Editor in 0.00 ms.
Mono: successfully reloaded assembly
- Completed reload, in  3.243 seconds
Domain Reload Profiling:
	ReloadAssembly (3243ms)
		BeginReloadAssembly (91ms)
			ExecutionOrderSort (0ms)
			DisableScriptedObjects (0ms)
			BackupInstance (0ms)
			ReleaseScriptingObjects (0ms)
			CreateAndSetChildDomain (1ms)
		EndReloadAssembly (779ms)
			LoadAssemblies (90ms)
			RebuildTransferFunctionScriptingTraits (0ms)
			SetupTypeCache (261ms)
			ReleaseScriptCaches (0ms)
			RebuildScriptCaches (51ms)
			SetupLoadedEditorAssemblies (310ms)
				LogAssemblyErrors (0ms)
				InitializePlatformSupportModulesInManaged (6ms)
				SetLoadedEditorAssemblies (0ms)
				RefreshPlugins (101ms)
				BeforeProcessingInitializeOnLoad (32ms)
				ProcessInitializeOnLoadAttributes (127ms)
				ProcessInitializeOnLoadMethodAttributes (45ms)
				AfterProcessingInitializeOnLoad (0ms)
				EditorAssembliesLoaded (0ms)
			ExecutionOrderSort2 (0ms)
			AwakeInstancesAfterBackupRestoration (0ms)
Platform modules already initialized, skipping
Registering precompiled user dll's ...
Registered in 0.006153 seconds.
Begin MonoManager ReloadAssembly
Native extension for WindowsStandalone target not found
Refreshing native plugins compatible for Editor in 85.67 ms, found 2 plugins.
Preloading 0 native plugins for Editor in 0.00 ms.
Mono: successfully reloaded assembly
- Completed reload, in  1.920 seconds
Domain Reload Profiling:
	ReloadAssembly (1921ms)
		BeginReloadAssembly (237ms)
			ExecutionOrderSort (0ms)
			DisableScriptedObjects (8ms)
			BackupInstance (0ms)
			ReleaseScriptingObjects (0ms)
			CreateAndSetChildDomain (25ms)
		EndReloadAssembly (1594ms)
			LoadAssemblies (151ms)
			RebuildTransferFunctionScriptingTraits (0ms)
			SetupTypeCache (539ms)
			ReleaseScriptCaches (1ms)
			RebuildScriptCaches (89ms)
			SetupLoadedEditorAssemblies (576ms)
				LogAssemblyErrors (0ms)
				InitializePlatformSupportModulesInManaged (6ms)
				SetLoadedEditorAssemblies (0ms)
				RefreshPlugins (86ms)
				BeforeProcessingInitializeOnLoad (133ms)
				ProcessInitializeOnLoadAttributes (333ms)
				ProcessInitializeOnLoadMethodAttributes (14ms)
				AfterProcessingInitializeOnLoad (5ms)
				EditorAssembliesLoaded (0ms)
			ExecutionOrderSort2 (0ms)
			AwakeInstancesAfterBackupRestoration (11ms)
Platform modules already initialized, skipping
========================================================================
Worker process is ready to serve import requests
Launched and connected shader compiler UnityShaderCompiler.exe after 0.08 seconds
Refreshing native plugins compatible for Editor in 1.26 ms, found 2 plugins.
Preloading 0 native plugins for Editor in 0.00 ms.
Unloading 2914 Unused Serialized files (Serialized files now loaded: 0)
System memory in use before: 128.6 MB.
System memory in use after: 128.8 MB.

Unloading 23 unused Assets to reduce memory usage. Loaded Objects now: 3344.
Total: 6.858900 ms (FindLiveObjects: 0.492400 ms CreateObjectMapping: 0.212600 ms MarkObjects: 6.031700 ms  DeleteObjects: 0.119600 ms)

AssetImportParameters requested are different than current active one (requested -> active):
  custom:framework-win-MediaFoundation: 216162199b28c13a410421893ffa2e32 -> 
  custom:video-decoder-ogg-theora: a1e56fd34408186e4bbccfd4996cb3dc -> 
  custom:container-muxer-webm: aa71ff27fc2769a1b78a27578f13a17b -> 
  custom:container-demuxer-webm: 4f35f7cbe854078d1ac9338744f61a02 -> 
  custom:container-demuxer-ogg: 62fdf1f143b41e24485cea50d1cbac27 -> 
  custom:video-encoder-webm-vp8: eb34c28f22e8b96e1ab97ce403110664 -> 
  custom:video-decoder-webm-vp8: 9c59270c3fd7afecdb556c50c9e8de78 -> 
  custom:audio-decoder-ogg-vorbis: bf7c407c2cedff20999df2af8eb42d56 -> 
  custom:audio-encoder-webm-vorbis: bf7c407c2cedff20999df2af8eb42d56 -> 
========================================================================
Received Import Request.
  path: Assets/Resources/FallObjects/Brick.asset
  artifactKey: Guid(4ce3cd4b3a91f6a48a40d53fbd93b3e3) Importer(815301076,1909f56bfc062723c751e8b465ee728b)
Start importing Assets/Resources/FallObjects/Brick.asset using Guid(4ce3cd4b3a91f6a48a40d53fbd93b3e3) Importer(815301076,1909f56bfc062723c751e8b465ee728b)  -> (artifact id: '17ca60de3ee12d3ef0c91e3c835214cd') in 0.057203 seconds 
  Import took 0.063666 seconds .

========================================================================
Received Import Request.
  Time since last request: 0.000331 seconds.
  path: Assets/Resources/GameMachine/Light.asset
  artifactKey: Guid(498abc9b40432eb418cf0cf75961a35b) Importer(815301076,1909f56bfc062723c751e8b465ee728b)
Start importing Assets/Resources/GameMachine/Light.asset using Guid(498abc9b40432eb418cf0cf75961a35b) Importer(815301076,1909f56bfc062723c751e8b465ee728b)  -> (artifact id: 'f8d4a04051caf13d07f0dc383c03f62d') in 0.035259 seconds 
  Import took 0.041376 seconds .

========================================================================
Received Import Request.
  Time since last request: 0.000283 seconds.
  path: Assets/Resources/FallObjects/ForkKnife.asset
  artifactKey: Guid(46b89c561ee98cc4f9ed73db16653790) Importer(815301076,1909f56bfc062723c751e8b465ee728b)
Start importing Assets/Resources/FallObjects/ForkKnife.asset using Guid(46b89c561ee98cc4f9ed73db16653790) Importer(815301076,1909f56bfc062723c751e8b465ee728b)  -> (artifact id: '0b181bf524077f45f68273c775fec747') in 0.003056 seconds 
  Import took 0.008891 seconds .

========================================================================
Received Import Request.
  Time since last request: 0.000331 seconds.
  path: Assets/Resources/GameMachine/testGarbage.asset
  artifactKey: Guid(3499ac9a17a66e440a6609c1f6b8644a) Importer(815301076,1909f56bfc062723c751e8b465ee728b)
Start importing Assets/Resources/GameMachine/testGarbage.asset using Guid(3499ac9a17a66e440a6609c1f6b8644a) Importer(815301076,1909f56bfc062723c751e8b465ee728b)  -> (artifact id: 'c1e7958e162b43987ba70ace65354b86') in 0.002815 seconds 
  Import took 0.008312 seconds .

========================================================================
Received Import Request.
  Time since last request: 0.000344 seconds.
  path: Assets/Resources/FallObjects/Sandwich01.asset
  artifactKey: Guid(e7122ac0734ced94fbccce2f79385fa5) Importer(815301076,1909f56bfc062723c751e8b465ee728b)
Start importing Assets/Resources/FallObjects/Sandwich01.asset using Guid(e7122ac0734ced94fbccce2f79385fa5) Importer(815301076,1909f56bfc062723c751e8b465ee728b)  -> (artifact id: 'aaa9f72c070c13856eab2def185998d5') in 0.002961 seconds 
  Import took 0.008599 seconds .

========================================================================
Received Import Request.
  Time since last request: 0.000413 seconds.
  path: Assets/Resources/GameMachine/testSandwich.asset
  artifactKey: Guid(97a88543c5364b44fac11caf994dd7c3) Importer(815301076,1909f56bfc062723c751e8b465ee728b)
Start importing Assets/Resources/GameMachine/testSandwich.asset using Guid(97a88543c5364b44fac11caf994dd7c3) Importer(815301076,1909f56bfc062723c751e8b465ee728b)  -> (artifact id: 'cb1f4e7a183162806e99a1b956b8d1d5') in 0.003028 seconds 
  Import took 0.009387 seconds .

========================================================================
Received Import Request.
  Time since last request: 0.000419 seconds.
  path: Assets/Resources/FallObjects/Garbage01.asset
  artifactKey: Guid(d05308a06b9aa2945a8e624494b930c2) Importer(815301076,1909f56bfc062723c751e8b465ee728b)
Start importing Assets/Resources/FallObjects/Garbage01.asset using Guid(d05308a06b9aa2945a8e624494b930c2) Importer(815301076,1909f56bfc062723c751e8b465ee728b)  -> (artifact id: '86084023043362bc7fe51b390c6f6e53') in 0.003789 seconds 
  Import took 0.011140 seconds .

========================================================================
Received Import Request.
  Time since last request: 0.000541 seconds.
  path: Assets/Resources/GameMachine/Medium.asset
  artifactKey: Guid(825c690fc1ff3a545916b3b786385c2c) Importer(815301076,1909f56bfc062723c751e8b465ee728b)
Start importing Assets/Resources/GameMachine/Medium.asset using Guid(825c690fc1ff3a545916b3b786385c2c) Importer(815301076,1909f56bfc062723c751e8b465ee728b)  -> (artifact id: 'e0a1b6415708741814ade18214fb3cba') in 0.002872 seconds 
  Import took 0.008560 seconds .

========================================================================
Received Import Request.
  Time since last request: 0.000498 seconds.
  path: Assets/Resources/GameMachine/Default.asset
  artifactKey: Guid(f2e6aca1f5142e44094047b82de6495c) Importer(815301076,1909f56bfc062723c751e8b465ee728b)
Start importing Assets/Resources/GameMachine/Default.asset using Guid(f2e6aca1f5142e44094047b82de6495c) Importer(815301076,1909f56bfc062723c751e8b465ee728b)  -> (artifact id: '4693e76580c7daf5e0fc792661b36eb6') in 0.003059 seconds 
  Import took 0.008616 seconds .

========================================================================
Received Import Request.
  Time since last request: 0.000485 seconds.
  path: Assets/Resources/FallObjects/MenuSandwichParams.asset
  artifactKey: Guid(c6822418b567733498caec516e77432e) Importer(815301076,1909f56bfc062723c751e8b465ee728b)
Start importing Assets/Resources/FallObjects/MenuSandwichParams.asset using Guid(c6822418b567733498caec516e77432e) Importer(815301076,1909f56bfc062723c751e8b465ee728b)  -> (artifact id: 'd58444d1a13284481e714f1af6a044c4') in 0.003303 seconds 
  Import took 0.008753 seconds .

========================================================================
Received Import Request.
  Time since last request: 0.000349 seconds.
  path: Assets/Resources/GameMachine/Hard.asset
  artifactKey: Guid(7cb641346b59f4540b2961f7cb39ab98) Importer(815301076,1909f56bfc062723c751e8b465ee728b)
Start importing Assets/Resources/GameMachine/Hard.asset using Guid(7cb641346b59f4540b2961f7cb39ab98) Importer(815301076,1909f56bfc062723c751e8b465ee728b)  -> (artifact id: '970137c24020c7b35f2c2c56d1f121c4') in 0.002764 seconds 
  Import took 0.008714 seconds .

